This is pdfTeX, Version 3.141592653-2.6-1.40.28 (TeX Live 2025) (preloaded format=pdflatex 2025.11.14)  14 JUL 2026 07:16
entering extended mode
 restricted \write18 enabled.
 %&-line parsing enabled.
**movcav_lsm_investigation.tex
(./movcav_lsm_investigation.tex
LaTeX2e <2025-11-01>
L3 programming layer <2025-11-06>

(/sw/spack-levante/texlive-live2025-uaw7o7/texmf-dist/tex/latex/base/article.cl
s
Document Class: article 2025/01/22 v1.4n Standard LaTeX document class

(/sw/spack-levante/texlive-live2025-uaw7o7/texmf-dist/tex/latex/base/size11.clo
File: size11.clo 2025/01/22 v1.4n Standard LaTeX file (size option)
)
\c@part=\count275
\c@section=\count276
\c@subsection=\count277
\c@subsubsection=\count278
\c@paragraph=\count279
\c@subparagraph=\count280
\c@figure=\count281
\c@table=\count282
\abovecaptionskip=\skip49
\belowcaptionskip=\skip50
\bibindent=\dimen148
)
(/sw/spack-levante/texlive-live2025-uaw7o7/texmf-dist/tex/latex/geometry/geomet
ry.sty
Package: geometry 2020/01/02 v5.9 Page Geometry

(/sw/spack-levante/texlive-live2025-uaw7o7/texmf-dist/tex/latex/graphics/keyval
.sty
Package: keyval 2022/05/29 v1.15 key=value parser (DPC)
\KV@toks@=\toks17
)
(/sw/spack-levante/texlive-live2025-uaw7o7/texmf-dist/tex/generic/iftex/ifvtex.
sty
Package: ifvtex 2019/10/25 v1.7 ifvtex legacy package. Use iftex instead.

(/sw/spack-levante/texlive-live2025-uaw7o7/texmf-dist/tex/generic/iftex/iftex.s
ty
Package: iftex 2024/12/12 v1.0g TeX engine tests
))
\Gm@cnth=\count283
\Gm@cntv=\count284
\c@Gm@tempcnt=\count285
\Gm@bindingoffset=\dimen149
\Gm@wd@mp=\dimen150
\Gm@odd@mp=\dimen151
\Gm@even@mp=\dimen152
\Gm@layoutwidth=\dimen153
\Gm@layoutheight=\dimen154
\Gm@layouthoffset=\dimen155
\Gm@layoutvoffset=\dimen156
\Gm@dimlist=\toks18
)
(/sw/spack-levante/texlive-live2025-uaw7o7/texmf-dist/tex/latex/amsmath/amsmath
.sty
Package: amsmath 2025/07/09 v2.17z AMS math features
\@mathmargin=\skip51

For additional information on amsmath, use the `?' option.

(/sw/spack-levante/texlive-live2025-uaw7o7/texmf-dist/tex/latex/amsmath/amstext
.sty
Package: amstext 2024/11/17 v2.01 AMS text

(/sw/spack-levante/texlive-live2025-uaw7o7/texmf-dist/tex/latex/amsmath/amsgen.
sty
File: amsgen.sty 1999/11/30 v2.0 generic functions
\@emptytoks=\toks19
\ex@=\dimen157
))
(/sw/spack-levante/texlive-live2025-uaw7o7/texmf-dist/tex/latex/amsmath/amsbsy.
sty
Package: amsbsy 1999/11/29 v1.2d Bold Symbols
\pmbraise@=\dimen158
)
(/sw/spack-levante/texlive-live2025-uaw7o7/texmf-dist/tex/latex/amsmath/amsopn.
sty
Package: amsopn 2022/04/08 v2.04 operator names
)
\inf@bad=\count286
LaTeX Info: Redefining \frac on input line 233.
\uproot@=\count287
\leftroot@=\count288
LaTeX Info: Redefining \overline on input line 398.
LaTeX Info: Redefining \colon on input line 409.
\classnum@=\count289
\DOTSCASE@=\count290
LaTeX Info: Redefining \ldots on input line 495.
LaTeX Info: Redefining \dots on input line 498.
LaTeX Info: Redefining \cdots on input line 619.
\Mathstrutbox@=\box53
\strutbox@=\box54
LaTeX Info: Redefining \big on input line 721.
LaTeX Info: Redefining \Big on input line 722.
LaTeX Info: Redefining \bigg on input line 723.
LaTeX Info: Redefining \Bigg on input line 724.
\big@size=\dimen159
LaTeX Font Info:    Redeclaring font encoding OML on input line 742.
LaTeX Font Info:    Redeclaring font encoding OMS on input line 743.
\macc@depth=\count291
LaTeX Info: Redefining \bmod on input line 904.
LaTeX Info: Redefining \pmod on input line 909.
LaTeX Info: Redefining \smash on input line 939.
LaTeX Info: Redefining \relbar on input line 969.
LaTeX Info: Redefining \Relbar on input line 970.
\c@MaxMatrixCols=\count292
\dotsspace@=\muskip17
\c@parentequation=\count293
\dspbrk@lvl=\count294
\tag@help=\toks20
\row@=\count295
\column@=\count296
\maxfields@=\count297
\andhelp@=\toks21
\eqnshift@=\dimen160
\alignsep@=\dimen161
\tagshift@=\dimen162
\tagwidth@=\dimen163
\totwidth@=\dimen164
\lineht@=\dimen165
\@envbody=\toks22
\multlinegap=\skip52
\multlinetaggap=\skip53
\mathdisplay@stack=\toks23
LaTeX Info: Redefining \[ on input line 2950.
LaTeX Info: Redefining \] on input line 2951.
)
(/sw/spack-levante/texlive-live2025-uaw7o7/texmf-dist/tex/latex/amsfonts/amssym
b.sty
Package: amssymb 2013/01/14 v3.01 AMS font symbols

(/sw/spack-levante/texlive-live2025-uaw7o7/texmf-dist/tex/latex/amsfonts/amsfon
ts.sty
Package: amsfonts 2013/01/14 v3.01 Basic AMSFonts support
\symAMSa=\mathgroup4
\symAMSb=\mathgroup5
LaTeX Font Info:    Redeclaring math symbol \hbar on input line 98.
LaTeX Font Info:    Overwriting math alphabet `\mathfrak' in version `bold'
(Font)                  U/euf/m/n --> U/euf/b/n on input line 106.
))
(/sw/spack-levante/texlive-live2025-uaw7o7/texmf-dist/tex/latex/graphics/graphi
cx.sty
Package: graphicx 2024/12/31 v1.2e Enhanced LaTeX Graphics (DPC,SPQR)

(/sw/spack-levante/texlive-live2025-uaw7o7/texmf-dist/tex/latex/graphics/graphi
cs.sty
Package: graphics 2024/08/06 v1.4g Standard LaTeX Graphics (DPC,SPQR)

(/sw/spack-levante/texlive-live2025-uaw7o7/texmf-dist/tex/latex/graphics/trig.s
ty
Package: trig 2023/12/02 v1.11 sin cos tan (DPC)
)
(/sw/spack-levante/texlive-live2025-uaw7o7/texmf-dist/tex/latex/graphics-cfg/gr
aphics.cfg
File: graphics.cfg 2016/06/04 v1.11 sample graphics configuration
)
Package graphics Info: Driver file: pdftex.def on input line 106.

(/sw/spack-levante/texlive-live2025-uaw7o7/texmf-dist/tex/latex/graphics-def/pd
ftex.def
File: pdftex.def 2025/09/29 v1.2d Graphics/color driver for pdftex
))
\Gin@req@height=\dimen166
\Gin@req@width=\dimen167
)
(/sw/spack-levante/texlive-live2025-uaw7o7/texmf-dist/tex/latex/xcolor/xcolor.s
ty
Package: xcolor 2024/09/29 v3.02 LaTeX color extensions (UK)

(/sw/spack-levante/texlive-live2025-uaw7o7/texmf-dist/tex/latex/graphics-cfg/co
lor.cfg
File: color.cfg 2016/01/02 v1.6 sample color configuration
)
Package xcolor Info: Driver file: pdftex.def on input line 274.

(/sw/spack-levante/texlive-live2025-uaw7o7/texmf-dist/tex/latex/graphics/mathco
lor.ltx)
Package xcolor Info: Model `cmy' substituted by `cmy0' on input line 1349.
Package xcolor Info: Model `hsb' substituted by `rgb' on input line 1353.
Package xcolor Info: Model `RGB' extended on input line 1365.
Package xcolor Info: Model `HTML' substituted by `rgb' on input line 1367.
Package xcolor Info: Model `Hsb' substituted by `hsb' on input line 1368.
Package xcolor Info: Model `tHsb' substituted by `hsb' on input line 1369.
Package xcolor Info: Model `HSB' substituted by `hsb' on input line 1370.
Package xcolor Info: Model `Gray' substituted by `gray' on input line 1371.
Package xcolor Info: Model `wave' substituted by `hsb' on input line 1372.
)
(/sw/spack-levante/texlive-live2025-uaw7o7/texmf-dist/tex/latex/listings/listin
gs.sty \lstset,
\lst@mode=\count298
 
new hook `InitVars',

new hook `EndGroup',

new hook `ExitVars',

new hook `ModeTrue',

new hook `EOL',
\lst@gtempboxa=\box55
\lst@token=\toks24
\lst@length=\count299

new hook `InitVarsBOL',
\lst@currlwidth=\dimen168
\lst@column=\count300
\lst@pos=\count301
\lst@lostspace=\dimen169
\lst@width=\dimen170
basewidth, 
new hook `FontAdjust',
fontadjust, 
new hook `PostOutput',

new hook `OutputBox',

new hook `InitBOL',
columns, flexiblecolumns,
\lst@newlines=\count302
 
new hook `OnNewLine',
emptylines, 
new hook `OnEmptyLine',
identifierstyle, 
new hook `EmptyStyle',

new hook `OutputOther',

new hook `Output',
tabsize, showtabs, tab, showspaces, keepspaces, 
new hook `Init',
formfeed, upquote, SelectCharTable, MoreSelectCharTable,

new hook `SetLanguage',
extendedchars, useoutput, rescanchars, alsoletter, alsodigit, alsoother,

new hook `SelectCharTable',
excludedelims, delim, moredelim, deletedelim, literate, basicstyle,
inputencoding, multicols, 
new hook `EveryLine',
\lst@lineno=\count303
print, firstline, lastline, 
new hook `PreSet',
nolol, linerange, consecutivenumbers, rangeprefix, rangesuffix,
rangebeginprefix, rangebeginsuffix, rangeendprefix, rangeendsuffix,
includerangemarker, 
new hook `DeInit',
captionpos, abovecaptionskip, belowcaptionskip, label, title, caption,

new hook `TextStyle',
\lstlistingname, \lstlistingnamestyle, numberbychapter, boxpos, float,
floatplacement, aboveskip, belowskip, everydisplay, 
new hook `DisplayStyle',

new hook `PreInit',

new hook `EveryPar',
showlines,
\lst@maxwidth=\dimen171
 
new hook `InitVarsEOL',
gobble, name, \lstlistlistingname, \lstlistoflistings, inputpath,
\lstnewenvironment, fancyvrb,
(/sw/spack-levante/texlive-live2025-uaw7o7/texmf-dist/tex/latex/listings/lstpat
ch.sty
File: lstpatch.sty 2025/10/06 1.11 (Carsten Heinz)
)
(/sw/spack-levante/texlive-live2025-uaw7o7/texmf-dist/tex/latex/listings/lstmis
c.sty
File: lstmisc.sty 2025/10/06 1.11 (Carsten Heinz)
 
Define lst-aspect `strings': string, morestring, deletestring, stringstyle,
showstringspaces, 
new hook `ExcludeDelims',

Allocs: none

Define lst-aspect `comments': comment, morecomment, deletecomment,
commentstyle, 
new hook `AfterBeginComment',

Allocs: none

Define lst-aspect `escape': texcl, escapebegin, escapeend, escapechar,
escapeinside, mathescape, 
Allocs: none

Define lst-aspect `keywords': sensitive, 
new hook `TrackKeywords',

new hook `PostTrackKeywords',

new hook `DetectKeywords',
classoffset, keywords, morekeywords, deletekeywords, keywordstyle,
keywordstyle, ndkeywords, morendkeywords, deletendkeywords, ndkeywordstyle,
keywordsprefix, otherkeywords, 
Allocs: none

Define lst-aspect `emph': emph, moreemph, deleteemph, emphstyle, 
Allocs: none

Define lst-aspect `index': index, moreindex, deleteindex, indexstyle,
\lstindexmacro, 
Allocs: none

Define lst-aspect `style': \lststylefiles, \lstdefinestyle, \lst@definestyle,
style, 
new hook `SetStyle',

Allocs: none

Define lst-aspect `language': \lstlanguagefiles, \lstdefinelanguage,
\lst@definelanguage, language, alsolanguage, \lstalias, defaultdialect,

Allocs: none

Define lst-aspect `labels': numbers, stepnumber, numberfirstline, numberstyle,
numbersep, numberblanklines, firstnumber,
\c@lstnumber=\count304
\lst@skipnumbers=\count305
 
Allocs: 2\count, 

Define lst-aspect `lineshape': xleftmargin, xrightmargin, resetmargins,

new hook `BoxUnsafe',
linewidth, lineskip, breaklines, breakindent, breakautoindent,
breakatwhitespace, prebreak, postbreak, 
Allocs: none

Define lst-aspect `frames': framexleftmargin, framexrightmargin,
framextopmargin, framexbottommargin, backgroundcolor, fillcolor, rulecolor,
rulesepcolor, rulesep, framerule, framesep, frameshape, frameround, frame,
\lst@framebox=\box56


Allocs: 1\box, 
) 
Allocs: 8\count, 4\dimen, 2\box, 1\toks, 

(/sw/spack-levante/texlive-live2025-uaw7o7/texmf-dist/tex/latex/listings/listin
gs.cfg
File: listings.cfg 2025/10/06 1.11 listings configuration
))
Package: listings 2025/10/06 1.11 (Carsten Heinz)

==> First Aid for listings.sty no longer applied!
    Expected:
        2024/09/23 1.10c (Carsten Heinz)
    but found:
        2025/10/06 1.11 (Carsten Heinz)
    so I'm assuming it got fixed.

(/sw/spack-levante/texlive-live2025-uaw7o7/texmf-dist/tex/latex/booktabs/bookta
bs.sty
Package: booktabs 2020/01/12 v1.61803398 Publication quality tables
\heavyrulewidth=\dimen172
\lightrulewidth=\dimen173
\cmidrulewidth=\dimen174
\belowrulesep=\dimen175
\belowbottomsep=\dimen176
\aboverulesep=\dimen177
\abovetopsep=\dimen178
\cmidrulesep=\dimen179
\cmidrulekern=\dimen180
\defaultaddspace=\dimen181
\@cmidla=\count306
\@cmidlb=\count307
\@aboverulesep=\dimen182
\@belowrulesep=\dimen183
\@thisruleclass=\count308
\@lastruleclass=\count309
\@thisrulewidth=\dimen184
)
(/sw/spack-levante/texlive-live2025-uaw7o7/texmf-dist/tex/latex/enumitem/enumit
em.sty
Package: enumitem 2025/02/06 v3.11 Customized lists
\labelindent=\skip54
\enit@outerparindent=\dimen185
\enit@toks=\toks25
\enit@inbox=\box57
\enit@count@id=\count310
\enitdp@description=\count311
)
(/sw/spack-levante/texlive-live2025-uaw7o7/texmf-dist/tex/latex/fancyhdr/fancyh
dr.sty
Package: fancyhdr 2025/02/07 v5.2 Extensive control of page headers and footers

\f@nch@headwidth=\skip55
\f@nch@offset@elh=\skip56
\f@nch@offset@erh=\skip57
\f@nch@offset@olh=\skip58
\f@nch@offset@orh=\skip59
\f@nch@offset@elf=\skip60
\f@nch@offset@erf=\skip61
\f@nch@offset@olf=\skip62
\f@nch@offset@orf=\skip63
\f@nch@height=\skip64
\f@nch@footalignment=\skip65
\f@nch@widthL=\skip66
\f@nch@widthC=\skip67
\f@nch@widthR=\skip68
\@temptokenb=\toks26
)
(/sw/spack-levante/texlive-live2025-uaw7o7/texmf-dist/tex/latex/hyperref/hyperr
ef.sty
Package: hyperref 2025-07-12 v7.01o Hypertext links for LaTeX

(/sw/spack-levante/texlive-live2025-uaw7o7/texmf-dist/tex/latex/kvsetkeys/kvset
keys.sty
Package: kvsetkeys 2022-10-05 v1.19 Key value parser (HO)
)
(/sw/spack-levante/texlive-live2025-uaw7o7/texmf-dist/tex/generic/kvdefinekeys/
kvdefinekeys.sty
Package: kvdefinekeys 2019-12-19 v1.6 Define keys (HO)
)
(/sw/spack-levante/texlive-live2025-uaw7o7/texmf-dist/tex/generic/pdfescape/pdf
escape.sty
Package: pdfescape 2019/12/09 v1.15 Implements pdfTeX's escape features (HO)

(/sw/spack-levante/texlive-live2025-uaw7o7/texmf-dist/tex/generic/ltxcmds/ltxcm
ds.sty
Package: ltxcmds 2023-12-04 v1.26 LaTeX kernel commands for general use (HO)
)
(/sw/spack-levante/texlive-live2025-uaw7o7/texmf-dist/tex/generic/pdftexcmds/pd
ftexcmds.sty
Package: pdftexcmds 2020-06-27 v0.33 Utility functions of pdfTeX for LuaTeX (HO
)

(/sw/spack-levante/texlive-live2025-uaw7o7/texmf-dist/tex/generic/infwarerr/inf
warerr.sty
Package: infwarerr 2019/12/03 v1.5 Providing info/warning/error messages (HO)
)
Package pdftexcmds Info: \pdf@primitive is available.
Package pdftexcmds Info: \pdf@ifprimitive is available.
Package pdftexcmds Info: \pdfdraftmode found.
))
(/sw/spack-levante/texlive-live2025-uaw7o7/texmf-dist/tex/latex/hycolor/hycolor
.sty
Package: hycolor 2020-01-27 v1.10 Color options for hyperref/bookmark (HO)
)
(/sw/spack-levante/texlive-live2025-uaw7o7/texmf-dist/tex/latex/hyperref/namere
f.sty
Package: nameref 2025-06-21 v2.57 Cross-referencing by name of section

(/sw/spack-levante/texlive-live2025-uaw7o7/texmf-dist/tex/latex/refcount/refcou
nt.sty
Package: refcount 2019/12/15 v3.6 Data extraction from label references (HO)
)
(/sw/spack-levante/texlive-live2025-uaw7o7/texmf-dist/tex/generic/gettitlestrin
g/gettitlestring.sty
Package: gettitlestring 2019/12/15 v1.6 Cleanup title references (HO)

(/sw/spack-levante/texlive-live2025-uaw7o7/texmf-dist/tex/latex/kvoptions/kvopt
ions.sty
Package: kvoptions 2022-06-15 v3.15 Key value format for package options (HO)
))
\c@section@level=\count312
)
(/sw/spack-levante/texlive-live2025-uaw7o7/texmf-dist/tex/latex/etoolbox/etoolb
ox.sty
Package: etoolbox 2025/10/02 v2.5m e-TeX tools for LaTeX (JAW)
\etb@tempcnta=\count313
)
(/sw/spack-levante/texlive-live2025-uaw7o7/texmf-dist/tex/generic/stringenc/str
ingenc.sty
Package: stringenc 2019/11/29 v1.12 Convert strings between diff. encodings (HO
)
)
\@linkdim=\dimen186
\Hy@linkcounter=\count314
\Hy@pagecounter=\count315

(/sw/spack-levante/texlive-live2025-uaw7o7/texmf-dist/tex/latex/hyperref/pd1enc
.def
File: pd1enc.def 2025-07-12 v7.01o Hyperref: PDFDocEncoding definition (HO)
Now handling font encoding PD1 ...
... no UTF-8 mapping file for font encoding PD1
)
(/sw/spack-levante/texlive-live2025-uaw7o7/texmf-dist/tex/generic/intcalc/intca
lc.sty
Package: intcalc 2019/12/15 v1.3 Expandable calculations with integers (HO)
)
\Hy@SavedSpaceFactor=\count316

(/sw/spack-levante/texlive-live2025-uaw7o7/texmf-dist/tex/latex/hyperref/puenc.
def
File: puenc.def 2025-07-12 v7.01o Hyperref: PDF Unicode definition (HO)
Now handling font encoding PU ...
... no UTF-8 mapping file for font encoding PU
)
Package hyperref Info: Hyper figures OFF on input line 4195.
Package hyperref Info: Link nesting OFF on input line 4200.
Package hyperref Info: Hyper index ON on input line 4203.
Package hyperref Info: Plain pages OFF on input line 4210.
Package hyperref Info: Backreferencing OFF on input line 4215.
Package hyperref Info: Implicit mode ON; LaTeX internals redefined.
Package hyperref Info: Bookmarks ON on input line 4462.
\c@Hy@tempcnt=\count317

(/sw/spack-levante/texlive-live2025-uaw7o7/texmf-dist/tex/latex/url/url.sty
\Urlmuskip=\muskip18
Package: url 2013/09/16  ver 3.4  Verb mode for urls, etc.
)
LaTeX Info: Redefining \url on input line 4801.
\XeTeXLinkMargin=\dimen187

(/sw/spack-levante/texlive-live2025-uaw7o7/texmf-dist/tex/generic/bitset/bitset
.sty
Package: bitset 2019/12/09 v1.3 Handle bit-vector datatype (HO)

(/sw/spack-levante/texlive-live2025-uaw7o7/texmf-dist/tex/generic/bigintcalc/bi
gintcalc.sty
Package: bigintcalc 2019/12/15 v1.5 Expandable calculations on big integers (HO
)
))
\Fld@menulength=\count318
\Field@Width=\dimen188
\Fld@charsize=\dimen189
Package hyperref Info: Hyper figures OFF on input line 6078.
Package hyperref Info: Link nesting OFF on input line 6083.
Package hyperref Info: Hyper index ON on input line 6086.
Package hyperref Info: backreferencing OFF on input line 6093.
Package hyperref Info: Link coloring OFF on input line 6098.
Package hyperref Info: Link coloring with OCG OFF on input line 6103.
Package hyperref Info: PDF/A mode OFF on input line 6108.
\Hy@abspage=\count319
\c@Item=\count320
\c@Hfootnote=\count321
)
Package hyperref Info: Driver (autodetected): hpdftex.

(/sw/spack-levante/texlive-live2025-uaw7o7/texmf-dist/tex/latex/hyperref/hpdfte
x.def
File: hpdftex.def 2025-07-12 v7.01o Hyperref driver for pdfTeX
\Fld@listcount=\count322
\c@bookmark@seq@number=\count323

(/sw/spack-levante/texlive-live2025-uaw7o7/texmf-dist/tex/latex/rerunfilecheck/
rerunfilecheck.sty
Package: rerunfilecheck 2025-06-21 v1.11 Rerun checks for auxiliary files (HO)

(/sw/spack-levante/texlive-live2025-uaw7o7/texmf-dist/tex/generic/uniquecounter
/uniquecounter.sty
Package: uniquecounter 2019/12/15 v1.4 Provide unlimited unique counter (HO)
)
Package uniquecounter Info: New unique counter `rerunfilecheck' on input line 2
84.
)
\Hy@SectionHShift=\skip69
)
(/sw/spack-levante/texlive-live2025-uaw7o7/texmf-dist/tex/latex/parskip/parskip
.sty
Package: parskip 2021-03-14 v2.0h non-zero parskip adjustments
)
(/sw/spack-levante/texlive-live2025-uaw7o7/texmf-dist/tex/latex/l3backend/l3bac
kend-pdftex.def
File: l3backend-pdftex.def 2025-10-09 L3 backend support: PDF output (pdfTeX)
\l__color_backend_stack_int=\count324
) (./movcav_lsm_investigation.aux)
\openout1 = `movcav_lsm_investigation.aux'.

LaTeX Font Info:    Checking defaults for OML/cmm/m/it on input line 47.
LaTeX Font Info:    ... okay on input line 47.
LaTeX Font Info:    Checking defaults for OMS/cmsy/m/n on input line 47.
LaTeX Font Info:    ... okay on input line 47.
LaTeX Font Info:    Checking defaults for OT1/cmr/m/n on input line 47.
LaTeX Font Info:    ... okay on input line 47.
LaTeX Font Info:    Checking defaults for T1/cmr/m/n on input line 47.
LaTeX Font Info:    ... okay on input line 47.
LaTeX Font Info:    Checking defaults for TS1/cmr/m/n on input line 47.
LaTeX Font Info:    ... okay on input line 47.
LaTeX Font Info:    Checking defaults for OMX/cmex/m/n on input line 47.
LaTeX Font Info:    ... okay on input line 47.
LaTeX Font Info:    Checking defaults for U/cmr/m/n on input line 47.
LaTeX Font Info:    ... okay on input line 47.
LaTeX Font Info:    Checking defaults for PD1/pdf/m/n on input line 47.
LaTeX Font Info:    ... okay on input line 47.
LaTeX Font Info:    Checking defaults for PU/pdf/m/n on input line 47.
LaTeX Font Info:    ... okay on input line 47.

*geometry* driver: auto-detecting
*geometry* detected driver: pdftex
*geometry* verbose mode - [ preamble ] result:
* driver: pdftex
* paper: a4paper
* layout: <same size as paper>
* layoutoffset:(h,v)=(0.0pt,0.0pt)
* modes: 
* h-part:(L,W,R)=(65.44142pt, 466.62503pt, 65.44142pt)
* v-part:(T,H,B)=(65.44142pt, 714.164pt, 65.44142pt)
* \paperwidth=597.50787pt
* \paperheight=845.04684pt
* \textwidth=466.62503pt
* \textheight=714.164pt
* \oddsidemargin=-6.82857pt
* \evensidemargin=-6.82857pt
* \topmargin=-43.82857pt
* \headheight=12.0pt
* \headsep=25.0pt
* \topskip=11.0pt
* \footskip=30.0pt
* \marginparwidth=50.0pt
* \marginparsep=10.0pt
* \columnsep=10.0pt
* \skip\footins=10.0pt plus 4.0pt minus 2.0pt
* \hoffset=0.0pt
* \voffset=0.0pt
* \mag=1000
* \@twocolumnfalse
* \@twosidefalse
* \@mparswitchfalse
* \@reversemarginfalse
* (1in=72.27pt=25.4mm, 1cm=28.453pt)


(/sw/spack-levante/texlive-live2025-uaw7o7/texmf-dist/tex/context/base/mkii/sup
p-pdf.mkii
[Loading MPS to PDF converter (version 2006.09.02).]
\scratchcounter=\count325
\scratchdimen=\dimen190
\scratchbox=\box58
\nofMPsegments=\count326
\nofMParguments=\count327
\everyMPshowfont=\toks27
\MPscratchCnt=\count328
\MPscratchDim=\dimen191
\MPnumerator=\count329
\makeMPintoPDFobject=\count330
\everyMPtoPDFconversion=\toks28
)
(/sw/spack-levante/texlive-live2025-uaw7o7/texmf-dist/tex/latex/epstopdf-pkg/ep
stopdf-base.sty
Package: epstopdf-base 2020-01-24 v2.11 Base part for package epstopdf
Package epstopdf-base Info: Redefining graphics rule for `.eps' on input line 4
85.

(/sw/spack-levante/texlive-live2025-uaw7o7/texmf-dist/tex/latex/latexconfig/eps
topdf-sys.cfg
File: epstopdf-sys.cfg 2010/07/13 v1.3 Configuration of (r)epstopdf for TeX Liv
e
))
\c@lstlisting=\count331
Package hyperref Info: Link coloring OFF on input line 47.
 (./movcav_lsm_investigation.out)
(./movcav_lsm_investigation.out)
\@outlinefile=\write3
\openout3 = `movcav_lsm_investigation.out'.

LaTeX Font Info:    Trying to load font information for U+msa on input line 58.


(/sw/spack-levante/texlive-live2025-uaw7o7/texmf-dist/tex/latex/amsfonts/umsa.f
d
File: umsa.fd 2013/01/14 v3.01 AMS symbols A
)
LaTeX Font Info:    Trying to load font information for U+msb on input line 58.


(/sw/spack-levante/texlive-live2025-uaw7o7/texmf-dist/tex/latex/amsfonts/umsb.f
d
File: umsb.fd 2013/01/14 v3.01 AMS symbols B
) [1{/sw/spack-levante/texlive-live2025-uaw7o7/texmf-var/fonts/map/pdftex/updma
p/pdftex.map}

]
Overfull \hbox (4.11084pt too wide) in paragraph at lines 64--72
[]\OT1/cmr/m/n/10 We are build-ing an end-to-end AWI-ESM3 (FE-SOM2 + OIFS-48r1 
+ LPJ-GUESS) $\OMS/cmsy/m/n/10 $$ \OT1/cmr/m/n/10 Antarctic-
 []

[2{/sw/spack-levante/texlive-live2025-uaw7o7/texmf-dist/fonts/enc/dvips/cm-supe
r/cm-super-ts1.enc}]
LaTeX Font Info:    Font shape `OT1/cmtt/bx/n' in size <10.95> not available
(Font)              Font shape `OT1/cmtt/m/n' tried instead on input line 123.
LaTeX Font Info:    Font shape `OT1/cmtt/bx/n' in size <10> not available
(Font)              Font shape `OT1/cmtt/m/n' tried instead on input line 123.


Package hyperref Warning: Token not allowed in a PDF string (Unicode):
(hyperref)                removing `math shift' on input line 133.


Package hyperref Warning: Token not allowed in a PDF string (Unicode):
(hyperref)                removing `math shift' on input line 133.


Overfull \hbox (37.09251pt too wide) in paragraph at lines 134--139
\OT1/cmr/m/n/10.95 tri-an-gles fil-tered, layer-index ver-ti-cal axis so the th
in cav-ity lay-ers are vis-i-ble; \OT1/cmtt/m/n/9 movcav4[]crash[]plots/initsta
te/\OT1/cmr/m/n/10.95 ,
 []


LaTeX Warning: File `movcav4_crash_plots/initstate/planview_seed_weddell.png' n
ot found on input line 162.


! Package pdftex.def Error: File `movcav4_crash_plots/initstate/planview_seed_w
eddell.png' not found: using draft setting.

See the pdftex.def package documentation for explanation.
Type  H <return>  for immediate help.
 ...                                              
                                                  
l.162 ...lots/initstate/planview_seed_weddell.png}
                                                  \\[2pt]
Try typing  <return>  to proceed.
If that doesn't work, type  X <return>  to quit.


LaTeX Warning: File `movcav4_crash_plots/initstate/section_lat_seed_weddell.png
' not found on input line 163.


! Package pdftex.def Error: File `movcav4_crash_plots/initstate/section_lat_see
d_weddell.png' not found: using draft setting.

See the pdftex.def package documentation for explanation.
Type  H <return>  for immediate help.
 ...                                              
                                                  
l.163 ...s/initstate/section_lat_seed_weddell.png}
                                                  
Try typing  <return>  to proceed.
If that doesn't work, type  X <return>  to quit.


LaTeX Warning: Float too large for page by 329.67168pt on input line 174.

LaTeX Font Info:    Font shape `OT1/cmtt/bx/n' in size <12> not available
(Font)              Font shape `OT1/cmtt/m/n' tried instead on input line 176.

Package hyperref Warning: Token not allowed in a PDF string (Unicode):
(hyperref)                removing `\leavevmode@ifvmode' on input line 185.


Package hyperref Warning: Token not allowed in a PDF string (Unicode):
(hyperref)                \kern 1.8254pt
(hyperref)                removed on input line 185.

[3] [4]

LaTeX Warning: File `movcav4_crash_plots/initstate/planview_A_90E_L38.png' not 
found on input line 196.


! Package pdftex.def Error: File `movcav4_crash_plots/initstate/planview_A_90E_
L38.png' not found: using draft setting.

See the pdftex.def package documentation for explanation.
Type  H <return>  for immediate help.
 ...                                              
                                                  
l.196 ...h_plots/initstate/planview_A_90E_L38.png}
                                                  \\[2pt]
Try typing  <return>  to proceed.
If that doesn't work, type  X <return>  to quit.


LaTeX Warning: File `movcav4_crash_plots/initstate/planview_D_60s_etacrash.png'
 not found on input line 197.


! Package pdftex.def Error: File `movcav4_crash_plots/initstate/planview_D_60s_
etacrash.png' not found: using draft setting.

See the pdftex.def package documentation for explanation.
Type  H <return>  for immediate help.
 ...                                              
                                                  
l.197 ...ts/initstate/planview_D_60s_etacrash.png}
                                                  
Try typing  <return>  to proceed.
If that doesn't work, type  X <return>  to quit.


LaTeX Warning: Float too large for page by 302.47166pt on input line 205.


Package hyperref Warning: Token not allowed in a PDF string (Unicode):
(hyperref)                removing `math shift' on input line 207.


Package hyperref Warning: Token not allowed in a PDF string (Unicode):
(hyperref)                removing `math shift' on input line 207.

[5] [6] [7]
Overfull \hbox (0.31355pt too wide) in paragraph at lines 321--325
\OT1/cmr/m/n/10.95 We added \OT1/cmr/bx/n/10.95 hourly, hourly-\OT1/cmr/bx/it/1
0.95 split \OT1/cmr/m/n/10.95 out-put of \OT1/cmtt/m/n/10 temp\OT1/cmr/m/n/10.9
5 /\OT1/cmtt/m/n/10 salt\OT1/cmr/m/n/10.95 /\OT1/cmtt/m/n/10 w \OT1/cmr/m/n/10.
95 (\TS1/cmr/m/n/10.95 §[]\OT1/cmr/m/n/10.95 2.5[]) and cap-tured the full onse
t$\OMS/cmsy/m/n/10.95 !$\OT1/cmr/m/n/10.95 blowup.
 []


Overfull \hbox (19.52547pt too wide) in paragraph at lines 321--325
\OT1/cmr/m/n/10.95 Read-ing a cross-margin level at $\OMS/cmsy/m/n/10.95 ^^X$\O
T1/cmr/m/n/10.95 95m in the Tot-ten re-gion (\OT1/cmtt/m/n/9 movcav4[]crash[]pl
ots/blowup[]TSw[]evolution.mp4\OT1/cmr/m/n/10.95 ;
 []


LaTeX Warning: File `movcav4_crash_plots/fig_map_hour001.png' not found on inpu
t line 340.


! Package pdftex.def Error: File `movcav4_crash_plots/fig_map_hour001.png' not 
found: using draft setting.

See the pdftex.def package documentation for explanation.
Type  H <return>  for immediate help.
 ...                                              
                                                  
l.340 ...{movcav4_crash_plots/fig_map_hour001.png}
                                                  \\[2pt]
Try typing  <return>  to proceed.
If that doesn't work, type  X <return>  to quit.


LaTeX Warning: File `movcav4_crash_plots/fig_map_hour085.png' not found on inpu
t line 341.


! Package pdftex.def Error: File `movcav4_crash_plots/fig_map_hour085.png' not 
found: using draft setting.

See the pdftex.def package documentation for explanation.
Type  H <return>  for immediate help.
 ...                                              
                                                  
l.341 ...{movcav4_crash_plots/fig_map_hour085.png}
                                                  
Try typing  <return>  to proceed.
If that doesn't work, type  X <return>  to quit.


LaTeX Warning: Float too large for page by 288.7425pt on input line 348.


LaTeX Warning: File `movcav4_crash_plots/fig_section_hour001.png' not found on 
input line 370.


! Package pdftex.def Error: File `movcav4_crash_plots/fig_section_hour001.png' 
not found: using draft setting.

See the pdftex.def package documentation for explanation.
Type  H <return>  for immediate help.
 ...                                              
                                                  
l.370 ...cav4_crash_plots/fig_section_hour001.png}
                                                  \\[2pt]
Try typing  <return>  to proceed.
If that doesn't work, type  X <return>  to quit.


LaTeX Warning: File `movcav4_crash_plots/fig_section_hour101.png' not found on 
input line 371.


! Package pdftex.def Error: File `movcav4_crash_plots/fig_section_hour101.png' 
not found: using draft setting.

See the pdftex.def package documentation for explanation.
Type  H <return>  for immediate help.
 ...                                              
                                                  
l.371 ...cav4_crash_plots/fig_section_hour101.png}
                                                  
Try typing  <return>  to proceed.
If that doesn't work, type  X <return>  to quit.


LaTeX Warning: Float too large for page by 329.54251pt on input line 382.


Overfull \hbox (12.99832pt too wide) in paragraph at lines 386--393
[]\OT1/cmr/bx/n/10.95 Hourly + hourly-\OT1/cmr/bx/it/10.95 split \OT1/cmr/bx/n/
10.95 FE-SOM out-put \OT1/cmr/m/n/10.95 of \OT1/cmtt/m/n/10 temp\OT1/cmr/m/n/10
.95 /\OT1/cmtt/m/n/10 salt\OT1/cmr/m/n/10.95 /\OT1/cmtt/m/n/10 w \OT1/cmr/m/n/1
0.95 (the en-abler for the movie). \OT1/cmtt/m/n/9 namelist.io
 []


Overfull \hbox (21.73701pt too wide) in paragraph at lines 386--393
\OT1/cmtt/m/n/10 io[]list\OT1/cmr/m/n/10.95 : those three set to \OT1/cmtt/m/n/
10 1,'h'\OT1/cmr/m/n/10.95 ; \OT1/cmtt/m/n/9 file[]def[]fesom.xml\OT1/cmr/m/n/1
0.95 : a new \OT1/cmtt/m/n/10 fesom[]1h \OT1/cmr/m/n/10.95 file[]group with \OT
1/cmtt/m/n/10 output[]freq="1h"
 []

[8] [9] [10]
Overfull \hbox (39.77118pt too wide) in paragraph at lines 393--397
[]\OT1/cmr/bx/n/10.95 Movie tool-ing: \OT1/cmtt/m/n/9 make[]movie.py \OT1/cmr/m
/n/10.95 (3-panel $\OML/cmm/m/it/10.95 T$\OT1/cmr/m/n/10.95 /$\OML/cmm/m/it/10.
95 S$\OT1/cmr/m/n/10.95 /$\OML/cmm/m/it/10.95 w$ \OT1/cmr/m/n/10.95 map at $\OM
S/cmsy/m/n/10.95 ^^X$\OT1/cmr/m/n/10.95 95m per hour $\OMS/cmsy/m/n/10.95 !$ \O
T1/cmr/m/n/10.95 mp4) and \OT1/cmtt/m/n/9 make[]section[]movie.py
 []


Overfull \hbox (178.44067pt too wide) in paragraph at lines 393--397
\OT1/cmr/m/n/10.95 (cross-margin depth-vs-latitude sec-tion per hour, under-ice
 lev-els masked). \OT1/cmtt/m/n/10 ffmpeg \OT1/cmr/m/n/10.95 at \OT1/cmtt/m/n/9
 /sw/spack-levante/ffmpeg-4.3.2-rmywep/bin/ffmpeg\OT1/cmr/m/n/10.95 . 
 []


Overfull \hbox (60.1553pt too wide) in paragraph at lines 397--401
[]\OT1/cmr/bx/n/10.95 namcouple feom di-men-sion $\OMS/cmsy/m/n/10.95 !$ \OT1/c
mr/m/n/10.95 sub-mesh, per leg: \OT1/cmtt/m/n/10 couple[]namcouple \OT1/cmr/m/n
/10.95 sub-job call-ing \OT1/cmtt/m/n/10 fix[]namcouple[]feom[]dim
 []


Overfull \hbox (31.88338pt too wide) in paragraph at lines 408--425
\OT1/cmr/m/n/10.95 Experiment \OT1/cmtt/m/n/10 movcav4\OT1/cmr/m/n/10.95 , leg 
\OT1/cmtt/m/n/9 /work/ab0246/a270092/pism[]repro/experiments/movcav4/run[]awies
m3[]19010101-19011231\OT1/cmr/m/n/10.95 .
 []


Overfull \hbox (4.43262pt too wide) in paragraph at lines 408--425
\OT1/cmr/m/n/10.95 in \OT1/cmtt/m/n/9 movcav4[]crash[]plots/\OT1/cmr/m/n/10.95 
. Anal-y-sis env: \OT1/cmtt/m/n/10 /home/a/a270092/.conda/envs/pyfesom2[]env/bi
n/python \OT1/cmr/m/n/10.95 (base
 []


Overfull \hbox (2.44228pt too wide) in paragraph at lines 408--425
\OT1/cmtt/m/n/9 /work/ab0246/a270092/software/fesom2[]crash[]analysis \OT1/cmr/
m/n/10.95 (con-fig points at the mov-cav4 sub-mesh + blowup
 []


Overfull \hbox (25.79782pt too wide) in paragraph at lines 408--425
\OT1/cmr/m/n/10.95 file). Ice-donor code: \OT1/cmtt/m/n/9 couplings/fesom/remap
[]restart/mo[]remap[]fields.F90 \OT1/cmr/m/n/10.95 (thresh-olds \OT1/cmtt/m/n/1
0 ICE[]CONC[]THRESH=0.15\OT1/cmr/m/n/10.95 ,
 []

LaTeX Font Info:    Font shape `OT1/cmtt/bx/n' in size <14.4> not available
(Font)              Font shape `OT1/cmtt/m/n' tried instead on input line 443.

Overfull \hbox (7.93073pt too wide) in paragraph at lines 443--443
[]\OT1/cmr/bx/n/14.4 Coupling-glue per-for-mance: per-leg cost pro-fil-ing and 
the \OT1/cmtt/m/n/10 fesom2ice
 []

[11]
Overfull \hbox (64.01917pt too wide) in paragraph at lines 479--484
\OT1/cmr/m/n/10.95 files (31 marks to-tal: \OT1/cmtt/m/n/9 coupling[]fesom2ice.
functions\OT1/cmr/m/n/10.95 , \OT1/cmtt/m/n/9 coupling[]pism2esm.functions\OT1/
cmr/m/n/10.95 , \OT1/cmtt/m/n/9 coupling[]pism2atmosphere.functions\OT1/cmr/m/n
/10.95 ,
 []


Overfull \hbox (53.9307pt too wide) in paragraph at lines 491--532
\OT1/cmr/m/n/10.95 over-all dropped $\OMS/cmsy/m/n/10.95 ^^X$\OT1/cmr/m/n/10.95
 36min(\OT1/cmtt/m/n/10 movcav5\OT1/cmr/m/n/10.95 )$\OMS/cmsy/m/n/10.95 !^^X$\O
T1/cmr/m/n/10.95 8.5min; (iii) \OT1/cmr/bx/n/10.95 the real #1 cost is \OT1/cmt
t/m/n/10 fesom[]ice[]select[]relevant[]variables
 []

[12] [13]
Overfull \hbox (51.4922pt too wide) in paragraph at lines 585--588
[]\OT1/cmtt/m/n/10 esm[]tools \OT1/cmr/bx/n/10.95 guards: \OT1/cmr/m/n/10.95 an
 \OT1/cmtt/m/n/10 observe.py \OT1/cmr/m/n/10.95 race (com-pute launch-ing be-fo
re \OT1/cmtt/m/n/10 couple[]in \OT1/cmr/m/n/10.95 fin-ished), \OT1/cmtt/m/n/10 
remap[]oasis[]restart
 []


Underfull \hbox (badness 10000) in paragraph at lines 604--605
[]\OT1/cmr/m/n/10.95 advances past the whole sur-
 []


Underfull \hbox (badness 8170) in paragraph at lines 604--605
\OT1/cmr/m/n/10.95 face/radiation chain; now NaN in
 []


Underfull \hbox (badness 1082) in paragraph at lines 604--605
\OT1/cmtt/m/n/10 cpdyddh:915 \OT1/cmr/m/n/10.95 (DDH moist-physics bud-
 []

[14]
Overfull \hbox (25.4399pt too wide) in paragraph at lines 629--634
\OT1/cmr/m/n/10.95 (\OT1/cmtt/m/n/10 DBG-UPDTIMEND: 0 cells still skinT(MP9)<10
0\OT1/cmr/m/n/10.95 ), and the model ad-vanced into \OT1/cmtt/m/n/10 cpg[]drv$\
OMS/cmsy/m/n/10.95 !$\OT1/cmtt/m/n/10 cpg$\OMS/cmsy/m/n/10.95 !$\OT1/cmtt/m/n/1
0 cpg[]dia
 []

[15] [16] [17]
Underfull \hbox (badness 10000) in paragraph at lines 813--813
[]\OT1/cmr/m/n/10.95 Flipped-cell in-con-sis-tency
 []


Overfull \hbox (73.3115pt too wide) in paragraph at lines 830--840
\OT1/cmr/m/n/10.95 fix), \OT1/cmtt/m/n/9 arpifs/control/reresf[]part2.F90 \OT1/
cmr/m/n/10.95 + \OT1/cmtt/m/n/9 module/surface[]fields[]mix.F90 \OT1/cmr/m/n/10
.95 (re-ingest \OT1/cmtt/m/n/10 PUTALLFLDS[]M\OT1/cmr/m/n/10.95 ), \OT1/cmtt/m/
n/9 arpifs/dia/cpdyddh.F90
 []

[18]
Overfull \hbox (16.53624pt too wide) in paragraph at lines 863--868
\OT1/cmr/m/n/10.95 OASIS-regen/\OT1/cmtt/m/n/10 plit \OT1/cmr/m/n/10.95 wiring 
in \OT1/cmtt/m/n/9 coupling[]ice2fesom[]interactive[]mesh.functions\OT1/cmr/m/n
/10.95 , the \OT1/cmtt/m/n/9 remap[]oasis[]restart.py
 []

[19] (./movcav_lsm_investigation.aux)
 ***********
LaTeX2e <2025-11-01>
L3 programming layer <2025-11-06>
 ***********


Package rerunfilecheck Warning: File `movcav_lsm_investigation.out' has changed
.
(rerunfilecheck)                Rerun to get outlines right
(rerunfilecheck)                or use package `bookmark'.

Package rerunfilecheck Info: Checksums for `movcav_lsm_investigation.out':
(rerunfilecheck)             Before: 0938811EEB447D8E98C2B5C8DEB92D8D;12264
(rerunfilecheck)             After:  D564C131579E0B70F68AED815A6B9BDE;12254.
 ) 
Here is how much of TeX's memory you used:
 13573 strings out of 467538
 216223 string characters out of 5410173
 776052 words of memory out of 5000000
 42210 multiletter control sequences out of 15000+600000
 645091 words of font info for 105 fonts, out of 8000000 for 9000
 1141 hyphenation exceptions out of 8191
 75i,14n,79p,940b,1112s stack positions out of 10000i,1000n,20000p,200000b,200000s
</sw/spack-levante/texlive-live2025-uaw7o7/texmf-dist/fonts/type1/public/amsf
onts/cm/cmbx10.pfb></sw/spack-levante/texlive-live2025-uaw7o7/texmf-dist/fonts/
type1/public/amsfonts/cm/cmbx12.pfb></sw/spack-levante/texlive-live2025-uaw7o7/
texmf-dist/fonts/type1/public/amsfonts/cm/cmbxti10.pfb></sw/spack-levante/texli
ve-live2025-uaw7o7/texmf-dist/fonts/type1/public/amsfonts/cm/cmitt10.pfb></sw/s
pack-levante/texlive-live2025-uaw7o7/texmf-dist/fonts/type1/public/amsfonts/cm/
cmmi10.pfb></sw/spack-levante/texlive-live2025-uaw7o7/texmf-dist/fonts/type1/pu
blic/amsfonts/cm/cmmi12.pfb></sw/spack-levante/texlive-live2025-uaw7o7/texmf-di
st/fonts/type1/public/amsfonts/cm/cmmi8.pfb></sw/spack-levante/texlive-live2025
-uaw7o7/texmf-dist/fonts/type1/public/amsfonts/cm/cmr10.pfb></sw/spack-levante/
texlive-live2025-uaw7o7/texmf-dist/fonts/type1/public/amsfonts/cm/cmr12.pfb></s
w/spack-levante/texlive-live2025-uaw7o7/texmf-dist/fonts/type1/public/amsfonts/
cm/cmr8.pfb></sw/spack-levante/texlive-live2025-uaw7o7/texmf-dist/fonts/type1/p
ublic/amsfonts/cm/cmsy10.pfb></sw/spack-levante/texlive-live2025-uaw7o7/texmf-d
ist/fonts/type1/public/amsfonts/cm/cmsy8.pfb></sw/spack-levante/texlive-live202
5-uaw7o7/texmf-dist/fonts/type1/public/amsfonts/cm/cmti10.pfb></sw/spack-levant
e/texlive-live2025-uaw7o7/texmf-dist/fonts/type1/public/amsfonts/cm/cmtt10.pfb>
</sw/spack-levante/texlive-live2025-uaw7o7/texmf-dist/fonts/type1/public/amsfon
ts/cm/cmtt12.pfb></sw/spack-levante/texlive-live2025-uaw7o7/texmf-dist/fonts/ty
pe1/public/amsfonts/cm/cmtt9.pfb></sw/spack-levante/texlive-live2025-uaw7o7/tex
mf-dist/fonts/type1/public/amsfonts/symbols/msam10.pfb></sw/spack-levante/texli
ve-live2025-uaw7o7/texmf-dist/fonts/type1/public/cm-super/sfbi1095.pfb></sw/spa
ck-levante/texlive-live2025-uaw7o7/texmf-dist/fonts/type1/public/cm-super/sfbi1
440.pfb></sw/spack-levante/texlive-live2025-uaw7o7/texmf-dist/fonts/type1/publi
c/cm-super/sfbx1000.pfb></sw/spack-levante/texlive-live2025-uaw7o7/texmf-dist/f
onts/type1/public/cm-super/sfbx1095.pfb></sw/spack-levante/texlive-live2025-uaw
7o7/texmf-dist/fonts/type1/public/cm-super/sfbx1200.pfb></sw/spack-levante/texl
ive-live2025-uaw7o7/texmf-dist/fonts/type1/public/cm-super/sfrm1000.pfb></sw/sp
ack-levante/texlive-live2025-uaw7o7/texmf-dist/fonts/type1/public/cm-super/sfrm
1095.pfb></sw/spack-levante/texlive-live2025-uaw7o7/texmf-dist/fonts/type1/publ
ic/cm-super/sfti1095.pfb></sw/spack-levante/texlive-live2025-uaw7o7/texmf-dist/
fonts/type1/public/cm-super/sftt1000.pfb>
Output written on movcav_lsm_investigation.pdf (19 pages, 398910 bytes).
PDF statistics:
 498 PDF objects out of 1000 (max. 8388607)
 419 compressed objects within 5 object streams
 109 named destinations out of 1000 (max. 500000)
 305 words of extra memory for PDF output out of 10000 (max. 10000000)

