This is pdfTeX, Version 3.141592653-2.6-1.40.28 (TeX Live 2025) (preloaded format=pdflatex 2025.11.14)  20 JUL 2026 00:17
entering extended mode
 restricted \write18 enabled.
 %&-line parsing enabled.
**moving_cavity_investigation.tex
(./moving_cavity_investigation.tex
LaTeX2e <2025-11-01>
L3 programming layer <2025-11-06>

(/sw/spack-levante/texlive-live2025-uaw7o7/texmf-dist/tex/latex/base/article.cl
s
Document Class: article 2025/01/22 v1.4n Standard LaTeX document class

(/sw/spack-levante/texlive-live2025-uaw7o7/texmf-dist/tex/latex/base/size11.clo
File: size11.clo 2025/01/22 v1.4n Standard LaTeX file (size option)
)
\c@part=\count275
\c@section=\count276
\c@subsection=\count277
\c@subsubsection=\count278
\c@paragraph=\count279
\c@subparagraph=\count280
\c@figure=\count281
\c@table=\count282
\abovecaptionskip=\skip49
\belowcaptionskip=\skip50
\bibindent=\dimen148
)
(/sw/spack-levante/texlive-live2025-uaw7o7/texmf-dist/tex/latex/geometry/geomet
ry.sty
Package: geometry 2020/01/02 v5.9 Page Geometry

(/sw/spack-levante/texlive-live2025-uaw7o7/texmf-dist/tex/latex/graphics/keyval
.sty
Package: keyval 2022/05/29 v1.15 key=value parser (DPC)
\KV@toks@=\toks17
)
(/sw/spack-levante/texlive-live2025-uaw7o7/texmf-dist/tex/generic/iftex/ifvtex.
sty
Package: ifvtex 2019/10/25 v1.7 ifvtex legacy package. Use iftex instead.

(/sw/spack-levante/texlive-live2025-uaw7o7/texmf-dist/tex/generic/iftex/iftex.s
ty
Package: iftex 2024/12/12 v1.0g TeX engine tests
))
\Gm@cnth=\count283
\Gm@cntv=\count284
\c@Gm@tempcnt=\count285
\Gm@bindingoffset=\dimen149
\Gm@wd@mp=\dimen150
\Gm@odd@mp=\dimen151
\Gm@even@mp=\dimen152
\Gm@layoutwidth=\dimen153
\Gm@layoutheight=\dimen154
\Gm@layouthoffset=\dimen155
\Gm@layoutvoffset=\dimen156
\Gm@dimlist=\toks18
)
(/sw/spack-levante/texlive-live2025-uaw7o7/texmf-dist/tex/latex/amsmath/amsmath
.sty
Package: amsmath 2025/07/09 v2.17z AMS math features
\@mathmargin=\skip51

For additional information on amsmath, use the `?' option.

(/sw/spack-levante/texlive-live2025-uaw7o7/texmf-dist/tex/latex/amsmath/amstext
.sty
Package: amstext 2024/11/17 v2.01 AMS text

(/sw/spack-levante/texlive-live2025-uaw7o7/texmf-dist/tex/latex/amsmath/amsgen.
sty
File: amsgen.sty 1999/11/30 v2.0 generic functions
\@emptytoks=\toks19
\ex@=\dimen157
))
(/sw/spack-levante/texlive-live2025-uaw7o7/texmf-dist/tex/latex/amsmath/amsbsy.
sty
Package: amsbsy 1999/11/29 v1.2d Bold Symbols
\pmbraise@=\dimen158
)
(/sw/spack-levante/texlive-live2025-uaw7o7/texmf-dist/tex/latex/amsmath/amsopn.
sty
Package: amsopn 2022/04/08 v2.04 operator names
)
\inf@bad=\count286
LaTeX Info: Redefining \frac on input line 233.
\uproot@=\count287
\leftroot@=\count288
LaTeX Info: Redefining \overline on input line 398.
LaTeX Info: Redefining \colon on input line 409.
\classnum@=\count289
\DOTSCASE@=\count290
LaTeX Info: Redefining \ldots on input line 495.
LaTeX Info: Redefining \dots on input line 498.
LaTeX Info: Redefining \cdots on input line 619.
\Mathstrutbox@=\box53
\strutbox@=\box54
LaTeX Info: Redefining \big on input line 721.
LaTeX Info: Redefining \Big on input line 722.
LaTeX Info: Redefining \bigg on input line 723.
LaTeX Info: Redefining \Bigg on input line 724.
\big@size=\dimen159
LaTeX Font Info:    Redeclaring font encoding OML on input line 742.
LaTeX Font Info:    Redeclaring font encoding OMS on input line 743.
\macc@depth=\count291
LaTeX Info: Redefining \bmod on input line 904.
LaTeX Info: Redefining \pmod on input line 909.
LaTeX Info: Redefining \smash on input line 939.
LaTeX Info: Redefining \relbar on input line 969.
LaTeX Info: Redefining \Relbar on input line 970.
\c@MaxMatrixCols=\count292
\dotsspace@=\muskip17
\c@parentequation=\count293
\dspbrk@lvl=\count294
\tag@help=\toks20
\row@=\count295
\column@=\count296
\maxfields@=\count297
\andhelp@=\toks21
\eqnshift@=\dimen160
\alignsep@=\dimen161
\tagshift@=\dimen162
\tagwidth@=\dimen163
\totwidth@=\dimen164
\lineht@=\dimen165
\@envbody=\toks22
\multlinegap=\skip52
\multlinetaggap=\skip53
\mathdisplay@stack=\toks23
LaTeX Info: Redefining \[ on input line 2950.
LaTeX Info: Redefining \] on input line 2951.
)
(/sw/spack-levante/texlive-live2025-uaw7o7/texmf-dist/tex/latex/amsfonts/amssym
b.sty
Package: amssymb 2013/01/14 v3.01 AMS font symbols

(/sw/spack-levante/texlive-live2025-uaw7o7/texmf-dist/tex/latex/amsfonts/amsfon
ts.sty
Package: amsfonts 2013/01/14 v3.01 Basic AMSFonts support
\symAMSa=\mathgroup4
\symAMSb=\mathgroup5
LaTeX Font Info:    Redeclaring math symbol \hbar on input line 98.
LaTeX Font Info:    Overwriting math alphabet `\mathfrak' in version `bold'
(Font)                  U/euf/m/n --> U/euf/b/n on input line 106.
))
(/sw/spack-levante/texlive-live2025-uaw7o7/texmf-dist/tex/latex/booktabs/bookta
bs.sty
Package: booktabs 2020/01/12 v1.61803398 Publication quality tables
\heavyrulewidth=\dimen166
\lightrulewidth=\dimen167
\cmidrulewidth=\dimen168
\belowrulesep=\dimen169
\belowbottomsep=\dimen170
\aboverulesep=\dimen171
\abovetopsep=\dimen172
\cmidrulesep=\dimen173
\cmidrulekern=\dimen174
\defaultaddspace=\dimen175
\@cmidla=\count298
\@cmidlb=\count299
\@aboverulesep=\dimen176
\@belowrulesep=\dimen177
\@thisruleclass=\count300
\@lastruleclass=\count301
\@thisrulewidth=\dimen178
)
(/sw/spack-levante/texlive-live2025-uaw7o7/texmf-dist/tex/latex/tools/longtable
.sty
Package: longtable 2025-10-13 v4.24 Multi-page Table package (DPC)
\LTleft=\skip54
\LTright=\skip55
\LTpre=\skip56
\LTpost=\skip57
\LTchunksize=\count302
\LTcapwidth=\dimen179
\LT@head=\box55
\LT@firsthead=\box56
\LT@foot=\box57
\LT@lastfoot=\box58
\LT@gbox=\box59
\LT@cols=\count303
\LT@rows=\count304
\c@LT@tables=\count305
\c@LT@chunks=\count306
\LT@p@ftn=\toks24
)
(/sw/spack-levante/texlive-live2025-uaw7o7/texmf-dist/tex/latex/xcolor/xcolor.s
ty
Package: xcolor 2024/09/29 v3.02 LaTeX color extensions (UK)

(/sw/spack-levante/texlive-live2025-uaw7o7/texmf-dist/tex/latex/graphics-cfg/co
lor.cfg
File: color.cfg 2016/01/02 v1.6 sample color configuration
)
Package xcolor Info: Driver file: pdftex.def on input line 274.

(/sw/spack-levante/texlive-live2025-uaw7o7/texmf-dist/tex/latex/graphics-def/pd
ftex.def
File: pdftex.def 2025/09/29 v1.2d Graphics/color driver for pdftex
)
(/sw/spack-levante/texlive-live2025-uaw7o7/texmf-dist/tex/latex/graphics/mathco
lor.ltx)
Package xcolor Info: Model `cmy' substituted by `cmy0' on input line 1349.
Package xcolor Info: Model `hsb' substituted by `rgb' on input line 1353.
Package xcolor Info: Model `RGB' extended on input line 1365.
Package xcolor Info: Model `HTML' substituted by `rgb' on input line 1367.
Package xcolor Info: Model `Hsb' substituted by `hsb' on input line 1368.
Package xcolor Info: Model `tHsb' substituted by `hsb' on input line 1369.
Package xcolor Info: Model `HSB' substituted by `hsb' on input line 1370.
Package xcolor Info: Model `Gray' substituted by `gray' on input line 1371.
Package xcolor Info: Model `wave' substituted by `hsb' on input line 1372.
)
(/sw/spack-levante/texlive-live2025-uaw7o7/texmf-dist/tex/latex/hyperref/hyperr
ef.sty
Package: hyperref 2025-07-12 v7.01o Hypertext links for LaTeX

(/sw/spack-levante/texlive-live2025-uaw7o7/texmf-dist/tex/latex/kvsetkeys/kvset
keys.sty
Package: kvsetkeys 2022-10-05 v1.19 Key value parser (HO)
)
(/sw/spack-levante/texlive-live2025-uaw7o7/texmf-dist/tex/generic/kvdefinekeys/
kvdefinekeys.sty
Package: kvdefinekeys 2019-12-19 v1.6 Define keys (HO)
)
(/sw/spack-levante/texlive-live2025-uaw7o7/texmf-dist/tex/generic/pdfescape/pdf
escape.sty
Package: pdfescape 2019/12/09 v1.15 Implements pdfTeX's escape features (HO)

(/sw/spack-levante/texlive-live2025-uaw7o7/texmf-dist/tex/generic/ltxcmds/ltxcm
ds.sty
Package: ltxcmds 2023-12-04 v1.26 LaTeX kernel commands for general use (HO)
)
(/sw/spack-levante/texlive-live2025-uaw7o7/texmf-dist/tex/generic/pdftexcmds/pd
ftexcmds.sty
Package: pdftexcmds 2020-06-27 v0.33 Utility functions of pdfTeX for LuaTeX (HO
)

(/sw/spack-levante/texlive-live2025-uaw7o7/texmf-dist/tex/generic/infwarerr/inf
warerr.sty
Package: infwarerr 2019/12/03 v1.5 Providing info/warning/error messages (HO)
)
Package pdftexcmds Info: \pdf@primitive is available.
Package pdftexcmds Info: \pdf@ifprimitive is available.
Package pdftexcmds Info: \pdfdraftmode found.
))
(/sw/spack-levante/texlive-live2025-uaw7o7/texmf-dist/tex/latex/hycolor/hycolor
.sty
Package: hycolor 2020-01-27 v1.10 Color options for hyperref/bookmark (HO)
)
(/sw/spack-levante/texlive-live2025-uaw7o7/texmf-dist/tex/latex/hyperref/namere
f.sty
Package: nameref 2025-06-21 v2.57 Cross-referencing by name of section

(/sw/spack-levante/texlive-live2025-uaw7o7/texmf-dist/tex/latex/refcount/refcou
nt.sty
Package: refcount 2019/12/15 v3.6 Data extraction from label references (HO)
)
(/sw/spack-levante/texlive-live2025-uaw7o7/texmf-dist/tex/generic/gettitlestrin
g/gettitlestring.sty
Package: gettitlestring 2019/12/15 v1.6 Cleanup title references (HO)

(/sw/spack-levante/texlive-live2025-uaw7o7/texmf-dist/tex/latex/kvoptions/kvopt
ions.sty
Package: kvoptions 2022-06-15 v3.15 Key value format for package options (HO)
))
\c@section@level=\count307
)
(/sw/spack-levante/texlive-live2025-uaw7o7/texmf-dist/tex/latex/etoolbox/etoolb
ox.sty
Package: etoolbox 2025/10/02 v2.5m e-TeX tools for LaTeX (JAW)
\etb@tempcnta=\count308
)
(/sw/spack-levante/texlive-live2025-uaw7o7/texmf-dist/tex/generic/stringenc/str
ingenc.sty
Package: stringenc 2019/11/29 v1.12 Convert strings between diff. encodings (HO
)
)
\@linkdim=\dimen180
\Hy@linkcounter=\count309
\Hy@pagecounter=\count310

(/sw/spack-levante/texlive-live2025-uaw7o7/texmf-dist/tex/latex/hyperref/pd1enc
.def
File: pd1enc.def 2025-07-12 v7.01o Hyperref: PDFDocEncoding definition (HO)
Now handling font encoding PD1 ...
... no UTF-8 mapping file for font encoding PD1
)
(/sw/spack-levante/texlive-live2025-uaw7o7/texmf-dist/tex/generic/intcalc/intca
lc.sty
Package: intcalc 2019/12/15 v1.3 Expandable calculations with integers (HO)
)
\Hy@SavedSpaceFactor=\count311

(/sw/spack-levante/texlive-live2025-uaw7o7/texmf-dist/tex/latex/hyperref/puenc.
def
File: puenc.def 2025-07-12 v7.01o Hyperref: PDF Unicode definition (HO)
Now handling font encoding PU ...
... no UTF-8 mapping file for font encoding PU
)
Package hyperref Info: Hyper figures OFF on input line 4195.
Package hyperref Info: Link nesting OFF on input line 4200.
Package hyperref Info: Hyper index ON on input line 4203.
Package hyperref Info: Plain pages OFF on input line 4210.
Package hyperref Info: Backreferencing OFF on input line 4215.
Package hyperref Info: Implicit mode ON; LaTeX internals redefined.
Package hyperref Info: Bookmarks ON on input line 4462.
\c@Hy@tempcnt=\count312

(/sw/spack-levante/texlive-live2025-uaw7o7/texmf-dist/tex/latex/url/url.sty
\Urlmuskip=\muskip18
Package: url 2013/09/16  ver 3.4  Verb mode for urls, etc.
)
LaTeX Info: Redefining \url on input line 4801.
\XeTeXLinkMargin=\dimen181

(/sw/spack-levante/texlive-live2025-uaw7o7/texmf-dist/tex/generic/bitset/bitset
.sty
Package: bitset 2019/12/09 v1.3 Handle bit-vector datatype (HO)

(/sw/spack-levante/texlive-live2025-uaw7o7/texmf-dist/tex/generic/bigintcalc/bi
gintcalc.sty
Package: bigintcalc 2019/12/15 v1.5 Expandable calculations on big integers (HO
)
))
\Fld@menulength=\count313
\Field@Width=\dimen182
\Fld@charsize=\dimen183
Package hyperref Info: Hyper figures OFF on input line 6078.
Package hyperref Info: Link nesting OFF on input line 6083.
Package hyperref Info: Hyper index ON on input line 6086.
Package hyperref Info: backreferencing OFF on input line 6093.
Package hyperref Info: Link coloring OFF on input line 6098.
Package hyperref Info: Link coloring with OCG OFF on input line 6103.
Package hyperref Info: PDF/A mode OFF on input line 6108.
\Hy@abspage=\count314
\c@Item=\count315
\c@Hfootnote=\count316
)
Package hyperref Info: Driver (autodetected): hpdftex.

(/sw/spack-levante/texlive-live2025-uaw7o7/texmf-dist/tex/latex/hyperref/hpdfte
x.def
File: hpdftex.def 2025-07-12 v7.01o Hyperref driver for pdfTeX
\Fld@listcount=\count317
\c@bookmark@seq@number=\count318

(/sw/spack-levante/texlive-live2025-uaw7o7/texmf-dist/tex/latex/rerunfilecheck/
rerunfilecheck.sty
Package: rerunfilecheck 2025-06-21 v1.11 Rerun checks for auxiliary files (HO)

(/sw/spack-levante/texlive-live2025-uaw7o7/texmf-dist/tex/generic/uniquecounter
/uniquecounter.sty
Package: uniquecounter 2019/12/15 v1.4 Provide unlimited unique counter (HO)
)
Package uniquecounter Info: New unique counter `rerunfilecheck' on input line 2
84.
)
\Hy@SectionHShift=\skip58
)
(/sw/spack-levante/texlive-live2025-uaw7o7/texmf-dist/tex/latex/graphics/graphi
cx.sty
Package: graphicx 2024/12/31 v1.2e Enhanced LaTeX Graphics (DPC,SPQR)

(/sw/spack-levante/texlive-live2025-uaw7o7/texmf-dist/tex/latex/graphics/graphi
cs.sty
Package: graphics 2024/08/06 v1.4g Standard LaTeX Graphics (DPC,SPQR)

(/sw/spack-levante/texlive-live2025-uaw7o7/texmf-dist/tex/latex/graphics/trig.s
ty
Package: trig 2023/12/02 v1.11 sin cos tan (DPC)
)
(/sw/spack-levante/texlive-live2025-uaw7o7/texmf-dist/tex/latex/graphics-cfg/gr
aphics.cfg
File: graphics.cfg 2016/06/04 v1.11 sample graphics configuration
)
Package graphics Info: Driver file: pdftex.def on input line 106.
)
\Gin@req@height=\dimen184
\Gin@req@width=\dimen185
)
(/sw/spack-levante/texlive-live2025-uaw7o7/texmf-dist/tex/latex/float/float.sty
Package: float 2001/11/08 v1.3d Float enhancements (AL)
\c@float@type=\count319
\float@exts=\toks25
\float@box=\box60
\@float@everytoks=\toks26
\@floatcapt=\box61
)
(/sw/spack-levante/texlive-live2025-uaw7o7/texmf-dist/tex/latex/base/fontenc.st
y
Package: fontenc 2025/07/18 v2.1d Standard LaTeX package
)
(/sw/spack-levante/texlive-live2025-uaw7o7/texmf-dist/tex/generic/ulem/ulem.sty
\UL@box=\box62
\UL@hyphenbox=\box63
\UL@skip=\skip59
\UL@hook=\toks27
\UL@height=\dimen186
\UL@pe=\count320
\UL@pixel=\dimen187
\ULC@box=\box64
Package: ulem 2019/11/18
\ULdepth=\dimen188
)
Package hyperref Info: Option `colorlinks' set `true' on input line 7.

(/sw/spack-levante/texlive-live2025-uaw7o7/texmf-dist/tex/latex/l3backend/l3bac
kend-pdftex.def
File: l3backend-pdftex.def 2025-10-09 L3 backend support: PDF output (pdfTeX)
\l__color_backend_stack_int=\count321
) (./moving_cavity_investigation.aux)
\openout1 = `moving_cavity_investigation.aux'.

LaTeX Font Info:    Checking defaults for OML/cmm/m/it on input line 19.
LaTeX Font Info:    ... okay on input line 19.
LaTeX Font Info:    Checking defaults for OMS/cmsy/m/n on input line 19.
LaTeX Font Info:    ... okay on input line 19.
LaTeX Font Info:    Checking defaults for OT1/cmr/m/n on input line 19.
LaTeX Font Info:    ... okay on input line 19.
LaTeX Font Info:    Checking defaults for T1/cmr/m/n on input line 19.
LaTeX Font Info:    ... okay on input line 19.
LaTeX Font Info:    Checking defaults for TS1/cmr/m/n on input line 19.
LaTeX Font Info:    ... okay on input line 19.
LaTeX Font Info:    Checking defaults for OMX/cmex/m/n on input line 19.
LaTeX Font Info:    ... okay on input line 19.
LaTeX Font Info:    Checking defaults for U/cmr/m/n on input line 19.
LaTeX Font Info:    ... okay on input line 19.
LaTeX Font Info:    Checking defaults for PD1/pdf/m/n on input line 19.
LaTeX Font Info:    ... okay on input line 19.
LaTeX Font Info:    Checking defaults for PU/pdf/m/n on input line 19.
LaTeX Font Info:    ... okay on input line 19.

*geometry* driver: auto-detecting
*geometry* detected driver: pdftex
*geometry* verbose mode - [ preamble ] result:
* driver: pdftex
* paper: a4paper
* layout: <same size as paper>
* layoutoffset:(h,v)=(0.0pt,0.0pt)
* modes: 
* h-part:(L,W,R)=(62.59596pt, 472.31595pt, 62.59596pt)
* v-part:(T,H,B)=(62.59596pt, 719.85492pt, 62.59596pt)
* \paperwidth=597.50787pt
* \paperheight=845.04684pt
* \textwidth=472.31595pt
* \textheight=719.85492pt
* \oddsidemargin=-9.67403pt
* \evensidemargin=-9.67403pt
* \topmargin=-46.67403pt
* \headheight=12.0pt
* \headsep=25.0pt
* \topskip=11.0pt
* \footskip=30.0pt
* \marginparwidth=50.0pt
* \marginparsep=10.0pt
* \columnsep=10.0pt
* \skip\footins=10.0pt plus 4.0pt minus 2.0pt
* \hoffset=0.0pt
* \voffset=0.0pt
* \mag=1000
* \@twocolumnfalse
* \@twosidefalse
* \@mparswitchfalse
* \@reversemarginfalse
* (1in=72.27pt=25.4mm, 1cm=28.453pt)


(/sw/spack-levante/texlive-live2025-uaw7o7/texmf-dist/tex/context/base/mkii/sup
p-pdf.mkii
[Loading MPS to PDF converter (version 2006.09.02).]
\scratchcounter=\count322
\scratchdimen=\dimen189
\scratchbox=\box65
\nofMPsegments=\count323
\nofMParguments=\count324
\everyMPshowfont=\toks28
\MPscratchCnt=\count325
\MPscratchDim=\dimen190
\MPnumerator=\count326
\makeMPintoPDFobject=\count327
\everyMPtoPDFconversion=\toks29
)
(/sw/spack-levante/texlive-live2025-uaw7o7/texmf-dist/tex/latex/epstopdf-pkg/ep
stopdf-base.sty
Package: epstopdf-base 2020-01-24 v2.11 Base part for package epstopdf

(/sw/spack-levante/texlive-live2025-uaw7o7/texmf-dist/tex/latex/grfext/grfext.s
ty
Package: grfext 2019/12/03 v1.3 Manage graphics extensions (HO)
)
Package epstopdf-base Info: Redefining graphics rule for `.eps' on input line 4
85.
Package grfext Info: Graphics extension search list:
(grfext)             [.pdf,.png,.jpg,.mps,.jpeg,.jbig2,.jb2,.PDF,.PNG,.JPG,.JPE
G,.JBIG2,.JB2,.eps]
(grfext)             \AppendGraphicsExtensions on input line 504.

(/sw/spack-levante/texlive-live2025-uaw7o7/texmf-dist/tex/latex/latexconfig/eps
topdf-sys.cfg
File: epstopdf-sys.cfg 2010/07/13 v1.3 Configuration of (r)epstopdf for TeX Liv
e
))
Package hyperref Info: Link coloring ON on input line 19.
 (./moving_cavity_investigation.out)
(./moving_cavity_investigation.out)
\@outlinefile=\write3
\openout3 = `moving_cavity_investigation.out'.

LaTeX Font Info:    Trying to load font information for U+msa on input line 21.


(/sw/spack-levante/texlive-live2025-uaw7o7/texmf-dist/tex/latex/amsfonts/umsa.f
d
File: umsa.fd 2013/01/14 v3.01 AMS symbols A
)
LaTeX Font Info:    Trying to load font information for U+msb on input line 21.


(/sw/spack-levante/texlive-live2025-uaw7o7/texmf-dist/tex/latex/amsfonts/umsb.f
d
File: umsb.fd 2013/01/14 v3.01 AMS symbols B
)
LaTeX Font Info:    Font shape `T1/cmtt/bx/n' in size <10> not available
(Font)              Font shape `T1/cmtt/m/n' tried instead on input line 43.
 (./moving_cavity_investigation.toc [1

{/sw/spack-levante/texlive-live2025-uaw7o7/texmf-var/fonts/map/pdftex/updmap/pd
ftex.map}{/sw/spack-levante/texlive-live2025-uaw7o7/texmf-dist/fonts/enc/dvips/
cm-super/cm-super-t1.enc}])
\tf@toc=\write4
\openout4 = `moving_cavity_investigation.toc'.

<../figures/pism_change/pism_change_planview.png, id=136, 1228.59pt x 534.798pt
>
File: ../figures/pism_change/pism_change_planview.png Graphic file (type png)
<use ../figures/pism_change/pism_change_planview.png>
Package pdftex.def Info: ../figures/pism_change/pism_change_planview.png  used 
on input line 95.
(pdftex.def)             Requested size: 472.31595pt x 205.6pt.
<../figures/pism_change/pism_change_section.png, id=138, 975.33078pt x 448.074p
t>
File: ../figures/pism_change/pism_change_section.png Graphic file (type png)
<use ../figures/pism_change/pism_change_section.png>
Package pdftex.def Info: ../figures/pism_change/pism_change_section.png  used o
n input line 96.
(pdftex.def)             Requested size: 434.5298pt x 199.62817pt.
 [2]
LaTeX Font Info:    Font shape `T1/cmtt/bx/n' in size <10.95> not available
(Font)              Font shape `T1/cmtt/m/n' tried instead on input line 103.
<../figures/spp/sst_scramble_global.png, id=147, 939.51pt x 794.97pt>
File: ../figures/spp/sst_scramble_global.png Graphic file (type png)
<use ../figures/spp/sst_scramble_global.png>
Package pdftex.def Info: ../figures/spp/sst_scramble_global.png  used on input 
line 113.
(pdftex.def)             Requested size: 472.31595pt x 399.6432pt.

[3
pdfTeX warning (ext4): destination with the same identifier (name{figure.1}) ha
s been already used, duplicate ignored
<argument> ...shipout:D \box_use:N \l_shipout_box 
                                                  \__shipout_drop_firstpage_...
l.119 
       <../figures/pism_change/pism_change_planview.png> <../figures/pism_chang
e/pism_change_section.png>] [4
pdfTeX warning (ext4): destination with the same identifier (name{figure.2}) ha
s been already used, duplicate ignored
<argument> ...shipout:D \box_use:N \l_shipout_box 
                                                  \__shipout_drop_firstpage_...
l.137 
       <../figures/spp/sst_scramble_global.png>]
<../figures/spp/wam_maxocean.png, id=163, 1005.15524pt x 500.46976pt>
File: ../figures/spp/wam_maxocean.png Graphic file (type png)
<use ../figures/spp/wam_maxocean.png>
Package pdftex.def Info: ../figures/spp/wam_maxocean.png  used on input line 16
3.
(pdftex.def)             Requested size: 472.31595pt x 235.16736pt.


Package hyperref Warning: Token not allowed in a PDF string (Unicode):
(hyperref)                removing `math shift' on input line 170.


Package hyperref Warning: Token not allowed in a PDF string (Unicode):
(hyperref)                removing `\to' on input line 170.


Package hyperref Warning: Token not allowed in a PDF string (Unicode):
(hyperref)                removing `math shift' on input line 170.

[5
pdfTeX warning (ext4): destination with the same identifier (name{figure.3}) ha
s been already used, duplicate ignored
<argument> ...shipout:D \box_use:N \l_shipout_box 
                                                  \__shipout_drop_firstpage_...
l.177 \paragraph
                {Layer 1: MIZ aliasing of the sent temperature.} FESOM sent ...
 <../figures/spp/wam_maxocean.png>]
Overfull \hbox (1.57486pt too wide) in paragraph at lines 200--204
[]\T1/cmr/m/n/10.95 The re-ceived flux at cold FE-SOM nodes is \T1/cmr/bx/n/10.
95 un-phys-i-cal and anti-braking\T1/cmr/m/n/10.95 : mean $\OMS/cmsy/m/n/10.95 
^^@\OT1/cmr/m/n/10.95 15\OML/cmm/m/it/10.95 :\OT1/cmr/m/n/10.95 8$\T1/cmr/m/n/1
0.95 kW/m$[]$
 []


Overfull \hbox (22.90422pt too wide) in paragraph at lines 209--214
[]\T1/cmr/m/n/10.95 The rea-son the skin can sit 80K be-low the air: \T1/cmtt/m
/n/10 vlamsk_mod.F90\T1/cmr/m/n/10.95 , sea-ice tile, with \T1/cmtt/m/n/10 LNEM
OSICOUP=.true.
 []


Overfull \hbox (0.31607pt too wide) in paragraph at lines 231--239
\T1/cmr/m/n/10.95 whose path \T1/cmtt/m/n/10 esm_runscripts/chunky_parts.py \T1
/cmr/m/n/10.95 builds by \T1/cmr/m/it/10.95 raw string con-cate-na-tion of \T1/
cmtt/m/it/10 general.base_dir
 []

[6{/sw/spack-levante/texlive-live2025-uaw7o7/texmf-dist/fonts/enc/dvips/cm-supe
r/cm-super-ts1.enc}]
Overfull \hbox (60.89682pt too wide) in paragraph at lines 240--245
\T1/cmr/m/n/10.95 gen-uine awiesm3$\OMS/cmsy/m/n/10.95 !$\T1/cmr/m/n/10.95 PISM
 han-dover of the cam-paign (mov-cav27), and a full awiesm3$\OMS/cmsy/m/n/10.95
 !$\T1/cmr/m/n/10.95 PISM$\OMS/cmsy/m/n/10.95 !$\T1/cmr/m/n/10.95 couple_out$\O
MS/cmsy/m/n/10.95 !$\T1/cmr/m/n/10.95 chunk-
 []


Underfull \hbox (badness 10000) in paragraph at lines 285--287
[]\T1/cmr/m/n/10.95 FESOM's albedo drives OIFS ra-di-a-tion
 []

[7]
<../figures/seaice/senddbg_collapse.png, id=190, 711.8595pt x 257.0747pt>
File: ../figures/seaice/senddbg_collapse.png Graphic file (type png)
<use ../figures/seaice/senddbg_collapse.png>
Package pdftex.def Info: ../figures/seaice/senddbg_collapse.png  used on input 
line 310.
(pdftex.def)             Requested size: 425.08147pt x 153.51247pt.
 [8]
<zero_water_george6.png, id=197, 903.375pt x 794.97pt>
File: zero_water_george6.png Graphic file (type png)
<use zero_water_george6.png>
Package pdftex.def Info: zero_water_george6.png  used on input line 365.
(pdftex.def)             Requested size: 472.31595pt x 415.643pt.
 [9
pdfTeX warning (ext4): destination with the same identifier (name{figure.4}) ha
s been already used, duplicate ignored
<argument> ...shipout:D \box_use:N \l_shipout_box 
                                                  \__shipout_drop_firstpage_...
l.376 
       <../figures/seaice/senddbg_collapse.png>] [10
pdfTeX warning (ext4): destination with the same identifier (name{figure.5}) ha
s been already used, duplicate ignored
<argument> ...shipout:D \box_use:N \l_shipout_box 
                                                  \__shipout_drop_firstpage_...
l.394 \subsubsection
                    *{Bug VII --- the drowned island} <./zero_water_george6.png
>]
<elephant_island_anatomy.png, id=212, 939.51pt x 650.43pt>
File: elephant_island_anatomy.png Graphic file (type png)
<use elephant_island_anatomy.png>
Package pdftex.def Info: elephant_island_anatomy.png  used on input line 412.
(pdftex.def)             Requested size: 472.31595pt x 326.9808pt.
<elephant_island_drowned.png, id=213, 1011.78pt x 505.89pt>
File: elephant_island_drowned.png Graphic file (type png)
<use elephant_island_drowned.png>
Package pdftex.def Info: elephant_island_drowned.png  used on input line 424.
(pdftex.def)             Requested size: 472.31595pt x 236.16272pt.
 [11
pdfTeX warning (ext4): destination with the same identifier (name{figure.6}) ha
s been already used, duplicate ignored
<argument> ...shipout:D \box_use:N \l_shipout_box 
                                                  \__shipout_drop_firstpage_...
l.431 
       <./elephant_island_anatomy.png>] [12
pdfTeX warning (ext4): destination with the same identifier (name{figure.7}) ha
s been already used, duplicate ignored
<argument> ...shipout:D \box_use:N \l_shipout_box 
                                                  \__shipout_drop_firstpage_...
l.472 
       <./elephant_island_drowned.png>]
<movcav34_evolution_timelines.png, id=234, 794.97pt x 722.7pt>
File: movcav34_evolution_timelines.png Graphic file (type png)
<use movcav34_evolution_timelines.png>
Package pdftex.def Info: movcav34_evolution_timelines.png  used on input line 4
75.
(pdftex.def)             Requested size: 472.31595pt x 429.38878pt.
<fris_top_side_chunks.png, id=235, 1084.05pt x 939.51pt>
File: fris_top_side_chunks.png Graphic file (type png)
<use fris_top_side_chunks.png>
Package pdftex.def Info: fris_top_side_chunks.png  used on input line 487.
(pdftex.def)             Requested size: 472.31595pt x 409.343pt.
 [13
pdfTeX warning (ext4): destination with the same identifier (name{figure.8}) ha
s been already used, duplicate ignored
<argument> ...shipout:D \box_use:N \l_shipout_box 
                                                  \__shipout_drop_firstpage_...
l.494 
       <./movcav34_evolution_timelines.png>] [14
pdfTeX warning (ext4): destination with the same identifier (name{figure.9}) ha
s been already used, duplicate ignored
<argument> ...shipout:D \box_use:N \l_shipout_box 
                                                  \__shipout_drop_firstpage_...
l.517 
       <./fris_top_side_chunks.png>]
Overfull \hbox (15.16258pt too wide) in paragraph at lines 548--553
\T1/cmr/m/n/10.95 averaged against an ob-served circum-Antarctic $\OMS/cmsy/m/n
/10.95 ^^X$\T1/cmr/m/n/10.95 0.8m/yr, and \T1/cmr/m/it/10.95 es-ca-lates \T1/cm
r/m/n/10.95 (0.9$\OMS/cmsy/m/n/10.95 !$\T1/cmr/m/n/10.95 5.5m/yr over 1900$\OMS
/cmsy/m/n/10.95 !$\T1/cmr/m/n/10.95 1901
 []

<melt_diagnosis.png, id=250, 1040.18959pt x 384.77545pt>
File: melt_diagnosis.png Graphic file (type png)
<use melt_diagnosis.png>
Package pdftex.def Info: melt_diagnosis.png  used on input line 556.
(pdftex.def)             Requested size: 472.31595pt x 174.71495pt.
[15] [16
pdfTeX warning (ext4): destination with the same identifier (name{figure.10}) h
as been already used, duplicate ignored
<argument> ...shipout:D \box_use:N \l_shipout_box 
                                                  \__shipout_drop_firstpage_...
l.606 
       <./melt_diagnosis.png>]
Overfull \hbox (9.83734pt too wide) in paragraph at lines 615--619
\T1/cmr/m/n/10.95 To test the ``fast cur-rents'' hy-pothe-ses cheaply, a \T1/cm
r/m/it/10.95 stan-dalone \T1/cmr/m/n/10.95 FE-SOM har-ness (\T1/cmtt/m/n/10 bui
ld_sa\T1/cmr/m/n/10.95 , sub-mesh_1901,
 []

<standalone_bifurcation.png, id=264, 650.43pt x 375.804pt>
File: standalone_bifurcation.png Graphic file (type png)
<use standalone_bifurcation.png>
Package pdftex.def Info: standalone_bifurcation.png  used on input line 621.
(pdftex.def)             Requested size: 472.31595pt x 272.90106pt.
[17
pdfTeX warning (ext4): destination with the same identifier (name{figure.11}) h
as been already used, duplicate ignored
<argument> ...shipout:D \box_use:N \l_shipout_box 
                                                  \__shipout_drop_firstpage_...
l.646 \textbf{Footprint.}
                          Matching submesh\_1901 to the initial submesh by c...
 <./standalone_bifurcation.png>]
LaTeX Font Info:    Font shape `T1/cmtt/bx/n' in size <12> not available
(Font)              Font shape `T1/cmtt/m/n' tried instead on input line 661.
<hnode_seam.png, id=272, 650.43pt x 390.258pt>
File: hnode_seam.png Graphic file (type png)
<use hnode_seam.png>
Package pdftex.def Info: hnode_seam.png  used on input line 674.
(pdftex.def)             Requested size: 387.30254pt x 232.388pt.
 [18
pdfTeX warning (ext4): destination with the same identifier (name{figure.12}) h
as been already used, duplicate ignored
<argument> ...shipout:D \box_use:N \l_shipout_box 
                                                  \__shipout_drop_firstpage_...
l.698 
       <./hnode_seam.png>]
<../figures/seaice/snow_ice_mc25_vs_ref.png, id=288, 1112.44179pt x 722.18379pt
>
File: ../figures/seaice/snow_ice_mc25_vs_ref.png Graphic file (type png)
<use ../figures/seaice/snow_ice_mc25_vs_ref.png>
Package pdftex.def Info: ../figures/seaice/snow_ice_mc25_vs_ref.png  used on in
put line 743.
(pdftex.def)             Requested size: 472.31595pt x 306.621pt.
 [19]
<../figures/seaice/snow_extent_movcav.png, id=294, 1076.823pt x 725.28107pt>
File: ../figures/seaice/snow_extent_movcav.png Graphic file (type png)
<use ../figures/seaice/snow_extent_movcav.png>
Package pdftex.def Info: ../figures/seaice/snow_extent_movcav.png  used on inpu
t line 754.
(pdftex.def)             Requested size: 472.31595pt x 318.11757pt.
 [20
pdfTeX warning (ext4): destination with the same identifier (name{figure.13}) h
as been already used, duplicate ignored
<argument> ...shipout:D \box_use:N \l_shipout_box 
                                                  \__shipout_drop_firstpage_...
l.761 
       <../figures/seaice/snow_ice_mc25_vs_ref.png>]
Underfull \hbox (badness 6316) in paragraph at lines 781--782
[]|\T1/cmr/m/n/10.95 Remap ex-trap-o-lated un-bound-edly
 []


Underfull \hbox (badness 6876) in paragraph at lines 785--786
[]|\T1/cmr/m/n/10.95 First mesh-change leg read the
 []


Underfull \hbox (badness 10000) in paragraph at lines 785--786
\T1/cmr/m/n/10.95 mother mesh as cavity-free
 []


Underfull \hbox (badness 10000) in paragraph at lines 785--786
\T1/cmr/m/n/10.95 (\T1/cmtt/m/n/10 cavity_nlvls.out \T1/cmr/m/n/10.95 miss-ing 
from
 []


Underfull \hbox (badness 10000) in paragraph at lines 788--789
[]|\T1/cmr/m/n/10.95 Same-chunk \T1/cmtt/m/n/10 couple_in \T1/cmr/m/n/10.95 re-
run
 []


Underfull \hbox (badness 10000) in paragraph at lines 788--789
\T1/cmr/m/n/10.95 pro-moted its own sub-mesh to
 []


Underfull \hbox (badness 2401) in paragraph at lines 788--789
\T1/cmtt/m/n/10 previous_submesh \T1/cmr/m/n/10.95 (old $\OT1/cmr/m/n/10.95 =$ 
\T1/cmr/m/n/10.95 new $\OMS/cmsy/m/n/10.95 )$
 []


Underfull \hbox (badness 2460) in paragraph at lines 801--801
[]|\T1/cmr/m/n/10.95 ocp-tool flipped a coast-line cell's
 []


Underfull \hbox (badness 10000) in paragraph at lines 802--803
[]|\T1/cmr/m/n/10.95 ocp-tool
 []

ignored error: Infinite glue shrinkage found in box being split [21
pdfTeX warning (ext4): destination with the same identifier (name{figure.14}) h
as been already used, duplicate ignored
<argument> ...shipout:D \box_use:N \l_shipout_box 
                                                  \__shipout_drop_firstpage_...
l.804 \end{longtable}
                      <../figures/seaice/snow_extent_movcav.png>] [22] [23]
[24] (./moving_cavity_investigation.aux)
 ***********
LaTeX2e <2025-11-01>
L3 programming layer <2025-11-06>
 ***********
Package rerunfilecheck Info: File `moving_cavity_investigation.out' has not cha
nged.
(rerunfilecheck)             Checksum: C9533C586E82C7426E1D782A6106124F;7563.
 ) 
Here is how much of TeX's memory you used:
 11482 strings out of 467538
 176867 string characters out of 5410173
 619154 words of memory out of 5000000
 40133 multiletter control sequences out of 15000+600000
 651128 words of font info for 102 fonts, out of 8000000 for 9000
 1141 hyphenation exceptions out of 8191
 75i,10n,79p,975b,584s stack positions out of 10000i,1000n,20000p,200000b,200000s
</sw/spack-levante/texlive-live2025-uaw7o7/texmf-dist/fonts/type1/public/amsf
onts/cm/cmex10.pfb></sw/spack-levante/texlive-live2025-uaw7o7/texmf-dist/fonts/
type1/public/amsfonts/cm/cmmi10.pfb></sw/spack-levante/texlive-live2025-uaw7o7/
texmf-dist/fonts/type1/public/amsfonts/cm/cmmi8.pfb></sw/spack-levante/texlive-
live2025-uaw7o7/texmf-dist/fonts/type1/public/amsfonts/cm/cmr10.pfb></sw/spack-
levante/texlive-live2025-uaw7o7/texmf-dist/fonts/type1/public/amsfonts/cm/cmr8.
pfb></sw/spack-levante/texlive-live2025-uaw7o7/texmf-dist/fonts/type1/public/am
sfonts/cm/cmsy10.pfb></sw/spack-levante/texlive-live2025-uaw7o7/texmf-dist/font
s/type1/public/amsfonts/cm/cmsy8.pfb></sw/spack-levante/texlive-live2025-uaw7o7
/texmf-dist/fonts/type1/public/amsfonts/symbols/msam10.pfb></sw/spack-levante/t
exlive-live2025-uaw7o7/texmf-dist/fonts/type1/public/cm-super/sfbi1095.pfb></sw
/spack-levante/texlive-live2025-uaw7o7/texmf-dist/fonts/type1/public/cm-super/s
fbx1000.pfb></sw/spack-levante/texlive-live2025-uaw7o7/texmf-dist/fonts/type1/p
ublic/cm-super/sfbx1095.pfb></sw/spack-levante/texlive-live2025-uaw7o7/texmf-di
st/fonts/type1/public/cm-super/sfbx1200.pfb></sw/spack-levante/texlive-live2025
-uaw7o7/texmf-dist/fonts/type1/public/cm-super/sfbx1440.pfb></sw/spack-levante/
texlive-live2025-uaw7o7/texmf-dist/fonts/type1/public/cm-super/sfbx1728.pfb></s
w/spack-levante/texlive-live2025-uaw7o7/texmf-dist/fonts/type1/public/cm-super/
sfit1000.pfb></sw/spack-levante/texlive-live2025-uaw7o7/texmf-dist/fonts/type1/
public/cm-super/sfrm1000.pfb></sw/spack-levante/texlive-live2025-uaw7o7/texmf-d
ist/fonts/type1/public/cm-super/sfrm1095.pfb></sw/spack-levante/texlive-live202
5-uaw7o7/texmf-dist/fonts/type1/public/cm-super/sfrm1200.pfb></sw/spack-levante
/texlive-live2025-uaw7o7/texmf-dist/fonts/type1/public/cm-super/sfti1000.pfb></
sw/spack-levante/texlive-live2025-uaw7o7/texmf-dist/fonts/type1/public/cm-super
/sfti1095.pfb></sw/spack-levante/texlive-live2025-uaw7o7/texmf-dist/fonts/type1
/public/cm-super/sftt1000.pfb>
Output written on moving_cavity_investigation.pdf (24 pages, 4307991 bytes).
PDF statistics:
 459 PDF objects out of 1000 (max. 8388607)
 356 compressed objects within 4 object streams
 90 named destinations out of 1000 (max. 500000)
 252 words of extra memory for PDF output out of 10000 (max. 10000000)

